#
# There is insufficient memory for the Java Runtime Environment to continue.
# Native memory allocation (malloc) failed to allocate 136656 bytes for Chunk::new
# Possible reasons:
#   The system is out of physical RAM or swap space
#   In 32 bit mode, the process size limit was hit
# Possible solutions:
#   Reduce memory load on the system
#   Increase physical memory or swap space
#   Check if swap backing store is full
#   Use 64 bit Java on a 64 bit OS
#   Decrease Java heap size (-Xmx/-Xms)
#   Decrease number of Java threads
#   Decrease Java thread stack sizes (-Xss)
#   Set larger code cache with -XX:ReservedCodeCacheSize=
# This output file may be truncated or incomplete.
#
#  Out of Memory Error (allocation.cpp:390), pid=3328, tid=0x00000000000024e8
#
# JRE version: OpenJDK Runtime Environment (8.0_152-b06) (build 1.8.0_152-release-1136-b06)
# Java VM: OpenJDK 64-Bit Server VM (25.152-b06 mixed mode windows-amd64 compressed oops)
# Failed to write core dump. Minidumps are not enabled by default on client versions of Windows
#

---------------  T H R E A D  ---------------

Current thread (0x00000000167e8000):  JavaThread "C2 CompilerThread0" daemon [_thread_in_native, id=9448, stack(0x0000000018210000,0x0000000018310000)]

Stack: [0x0000000018210000,0x0000000018310000]
[error occurred during error reporting (printing stack bounds), id 0xc0000005]

Native frames: (J=compiled Java code, j=interpreted, Vv=VM code, C=native code)


Current CompileTask:
C2:   5103 1248 % !   4       java.util.concurrent.ConcurrentHashMap::transfer @ 441 (832 bytes)


---------------  P R O C E S S  ---------------

Java Threads: ( => current thread )
  0x0000000019891800 JavaThread "Stdin handler" [_thread_blocked, id=10968, stack(0x000000001ac20000,0x000000001ad20000)]
  0x00000000195f6800 JavaThread "Asynchronous log dispatcher for DefaultDaemonConnection: socket connection from /127.0.0.1:4076 to /127.0.0.1:4077" [_thread_blocked, id=6508, stack(0x000000001ab20000,0x000000001ac20000)]
  0x0000000019898000 JavaThread "Daemon worker" [_thread_in_native, id=11144, stack(0x000000001aa20000,0x000000001ab20000)]
  0x0000000019895000 JavaThread "Cancel handler" [_thread_blocked, id=7700, stack(0x000000001a920000,0x000000001aa20000)]
  0x0000000019803800 JavaThread "Handler for socket connection from /127.0.0.1:4076 to /127.0.0.1:4077" [_thread_in_native, id=9000, stack(0x000000001a620000,0x000000001a720000)]
  0x00000000195bf800 JavaThread "Daemon" [_thread_blocked, id=1696, stack(0x000000001a520000,0x000000001a620000)]
  0x00000000198e5800 JavaThread "Daemon periodic checks" [_thread_blocked, id=8440, stack(0x000000001a420000,0x000000001a520000)]
  0x0000000019720800 JavaThread "Incoming local TCP Connector on port 4076" [_thread_in_native, id=3900, stack(0x000000001a1e0000,0x000000001a2e0000)]
  0x0000000017c88800 JavaThread "Service Thread" daemon [_thread_blocked, id=8356, stack(0x0000000018510000,0x0000000018610000)]
  0x0000000017c6b000 JavaThread "C1 CompilerThread2" daemon [_thread_blocked, id=5504, stack(0x0000000018410000,0x0000000018510000)]
  0x00000000167ec800 JavaThread "C2 CompilerThread1" daemon [_thread_blocked, id=2920, stack(0x0000000018310000,0x0000000018410000)]
=>0x00000000167e8000 JavaThread "C2 CompilerThread0" daemon [_thread_in_native, id=9448, stack(0x0000000018210000,0x0000000018310000)]
  0x000000001679d800 JavaThread "Attach Listener" daemon [_thread_blocked, id=6464, stack(0x0000000018110000,0x0000000018210000)]
  0x0000000017c18800 JavaThread "Signal Dispatcher" daemon [_thread_blocked, id=5932, stack(0x0000000018010000,0x0000000018110000)]
  0x0000000002dec000 JavaThread "Finalizer" daemon [_thread_blocked, id=8056, stack(0x00000000179f0000,0x0000000017af0000)]
  0x0000000002de1800 JavaThread "Reference Handler" daemon [_thread_blocked, id=2660, stack(0x00000000178f0000,0x00000000179f0000)]
  0x00000000010fe000 JavaThread "main" [_thread_blocked, id=11168, stack(0x0000000002880000,0x0000000002980000)]

Other Threads:
  0x0000000016755000 VMThread [stack: 0x00000000177f0000,0x00000000178f0000] [id=7808]
  0x0000000017c8a000 WatcherThread [stack: 0x0000000018610000,0x0000000018710000] [id=9984]

VM state:not at safepoint (normal execution)

VM Mutex/Monitor currently owned by a thread: None

Heap:
 PSYoungGen      total 35328K, used 17328K [0x00000000e0000000, 0x00000000e2500000, 0x0000000100000000)
  eden space 32768K, 45% used [0x00000000e0000000,0x00000000e0e6e000,0x00000000e2000000)
  from space 2560K, 99% used [0x00000000e2280000,0x00000000e24fe030,0x00000000e2500000)
  to   space 2560K, 0% used [0x00000000e2000000,0x00000000e2000000,0x00000000e2280000)
 ParOldGen       total 44032K, used 4054K [0x00000000a0000000, 0x00000000a2b00000, 0x00000000e0000000)
  object space 44032K, 9% used [0x00000000a0000000,0x00000000a03f5820,0x00000000a2b00000)
 Metaspace       used 12575K, capacity 12952K, committed 13184K, reserved 1062912K
  class space    used 1701K, capacity 1834K, committed 1920K, reserved 1048576K

Card table byte_map: [0x00000000121c0000,0x00000000124d0000] byte_map_base: 0x0000000011cc0000

Marking Bits: (ParMarkBitMap*) 0x0000000066fd5aa0
 Begin Bits: [0x0000000012ad0000, 0x00000000142d0000)
 End Bits:   [0x00000000142d0000, 0x0000000015ad0000)

Polling page: 0x0000000002980000

CodeCache: size=245760Kb used=4476Kb max_used=4492Kb free=241283Kb
 bounds [0x0000000002e00000, 0x0000000003270000, 0x0000000011e00000]
 total_blobs=1606 nmethods=1244 adapters=276
 compilation: enabled

Compilation events (10 events):
Event: 5.079 Thread 0x00000000167ec800 1244       4       java.util.concurrent.ConcurrentHashMap$Node::<init> (26 bytes)
Event: 5.081 Thread 0x00000000167ec800 nmethod 1244 0x00000000032538d0 code [0x0000000003253a00, 0x0000000003253a98]
Event: 5.083 Thread 0x0000000017c6b000 1245       3       java.net.URLClassLoader::definePackage (271 bytes)
Event: 5.085 Thread 0x00000000167ec800 1247   !   4       java.util.zip.Inflater::inflate (113 bytes)
Event: 5.086 Thread 0x0000000017c6b000 nmethod 1245 0x000000000325ded0 code [0x000000000325e360, 0x0000000003261268]
Event: 5.086 Thread 0x0000000017c6b000 1246   !   3       java.lang.ClassLoader::definePackage (77 bytes)
Event: 5.086 Thread 0x0000000017c6b000 nmethod 1246 0x0000000003252cd0 code [0x0000000003252e80, 0x0000000003253518]
Event: 5.091 Thread 0x00000000167e8000 nmethod 1243 0x0000000003264ed0 code [0x0000000003265060, 0x0000000003265908]
Event: 5.091 Thread 0x00000000167ec800 nmethod 1247 0x000000000325d5d0 code [0x000000000325d720, 0x000000000325dbe8]
Event: 5.092 Thread 0x00000000167e8000 1248 % !   4       java.util.concurrent.ConcurrentHashMap::transfer @ 441 (832 bytes)

GC Heap History (8 events):
Event: 1.391 GC heap before
{Heap before GC invocations=1 (full 0):
 PSYoungGen      total 18944K, used 16384K [0x00000000e0000000, 0x00000000e1500000, 0x0000000100000000)
  eden space 16384K, 100% used [0x00000000e0000000,0x00000000e1000000,0x00000000e1000000)
  from space 2560K, 0% used [0x00000000e1280000,0x00000000e1280000,0x00000000e1500000)
  to   space 2560K, 0% used [0x00000000e1000000,0x00000000e1000000,0x00000000e1280000)
 ParOldGen       total 44032K, used 0K [0x00000000a0000000, 0x00000000a2b00000, 0x00000000e0000000)
  object space 44032K, 0% used [0x00000000a0000000,0x00000000a0000000,0x00000000a2b00000)
 Metaspace       used 6119K, capacity 6254K, committed 6528K, reserved 1056768K
  class space    used 748K, capacity 811K, committed 896K, reserved 1048576K
Event: 1.398 GC heap after
Heap after GC invocations=1 (full 0):
 PSYoungGen      total 18944K, used 2544K [0x00000000e0000000, 0x00000000e1500000, 0x0000000100000000)
  eden space 16384K, 0% used [0x00000000e0000000,0x00000000e0000000,0x00000000e1000000)
  from space 2560K, 99% used [0x00000000e1000000,0x00000000e127c268,0x00000000e1280000)
  to   space 2560K, 0% used [0x00000000e1280000,0x00000000e1280000,0x00000000e1500000)
 ParOldGen       total 44032K, used 596K [0x00000000a0000000, 0x00000000a2b00000, 0x00000000e0000000)
  object space 44032K, 1% used [0x00000000a0000000,0x00000000a0095208,0x00000000a2b00000)
 Metaspace       used 6119K, capacity 6254K, committed 6528K, reserved 1056768K
  class space    used 748K, capacity 811K, committed 896K, reserved 1048576K
}
Event: 2.546 GC heap before
{Heap before GC invocations=2 (full 0):
 PSYoungGen      total 18944K, used 18928K [0x00000000e0000000, 0x00000000e1500000, 0x0000000100000000)
  eden space 16384K, 100% used [0x00000000e0000000,0x00000000e1000000,0x00000000e1000000)
  from space 2560K, 99% used [0x00000000e1000000,0x00000000e127c268,0x00000000e1280000)
  to   space 2560K, 0% used [0x00000000e1280000,0x00000000e1280000,0x00000000e1500000)
 ParOldGen       total 44032K, used 596K [0x00000000a0000000, 0x00000000a2b00000, 0x00000000e0000000)
  object space 44032K, 1% used [0x00000000a0000000,0x00000000a0095208,0x00000000a2b00000)
 Metaspace       used 7011K, capacity 7118K, committed 7424K, reserved 1056768K
  class space    used 849K, capacity 907K, committed 1024K, reserved 1048576K
Event: 2.588 GC heap after
Heap after GC invocations=2 (full 0):
 PSYoungGen      total 18944K, used 2552K [0x00000000e0000000, 0x00000000e2500000, 0x0000000100000000)
  eden space 16384K, 0% used [0x00000000e0000000,0x00000000e0000000,0x00000000e1000000)
  from space 2560K, 99% used [0x00000000e1280000,0x00000000e14fe050,0x00000000e1500000)
  to   space 2560K, 0% used [0x00000000e1000000,0x00000000e1000000,0x00000000e1280000)
 ParOldGen       total 44032K, used 1104K [0x00000000a0000000, 0x00000000a2b00000, 0x00000000e0000000)
  object space 44032K, 2% used [0x00000000a0000000,0x00000000a0114068,0x00000000a2b00000)
 Metaspace       used 7011K, capacity 7118K, committed 7424K, reserved 1056768K
  class space    used 849K, capacity 907K, committed 1024K, reserved 1048576K
}
Event: 3.067 GC heap before
{Heap before GC invocations=3 (full 0):
 PSYoungGen      total 18944K, used 18936K [0x00000000e0000000, 0x00000000e2500000, 0x0000000100000000)
  eden space 16384K, 100% used [0x00000000e0000000,0x00000000e1000000,0x00000000e1000000)
  from space 2560K, 99% used [0x00000000e1280000,0x00000000e14fe050,0x00000000e1500000)
  to   space 2560K, 0% used [0x00000000e1000000,0x00000000e1000000,0x00000000e1280000)
 ParOldGen       total 44032K, used 1104K [0x00000000a0000000, 0x00000000a2b00000, 0x00000000e0000000)
  object space 44032K, 2% used [0x00000000a0000000,0x00000000a0114068,0x00000000a2b00000)
 Metaspace       used 7298K, capacity 7432K, committed 7680K, reserved 1056768K
  class space    used 908K, capacity 948K, committed 1024K, reserved 1048576K
Event: 3.076 GC heap after
Heap after GC invocations=3 (full 0):
 PSYoungGen      total 18944K, used 2536K [0x00000000e0000000, 0x00000000e2500000, 0x0000000100000000)
  eden space 16384K, 0% used [0x00000000e0000000,0x00000000e0000000,0x00000000e1000000)
  from space 2560K, 99% used [0x00000000e1000000,0x00000000e127a040,0x00000000e1280000)
  to   space 2560K, 0% used [0x00000000e2280000,0x00000000e2280000,0x00000000e2500000)
 ParOldGen       total 44032K, used 1722K [0x00000000a0000000, 0x00000000a2b00000, 0x00000000e0000000)
  object space 44032K, 3% used [0x00000000a0000000,0x00000000a01aeb50,0x00000000a2b00000)
 Metaspace       used 7298K, capacity 7432K, committed 7680K, reserved 1056768K
  class space    used 908K, capacity 948K, committed 1024K, reserved 1048576K
}
Event: 4.601 GC heap before
{Heap before GC invocations=4 (full 0):
 PSYoungGen      total 18944K, used 18920K [0x00000000e0000000, 0x00000000e2500000, 0x0000000100000000)
  eden space 16384K, 100% used [0x00000000e0000000,0x00000000e1000000,0x00000000e1000000)
  from space 2560K, 99% used [0x00000000e1000000,0x00000000e127a040,0x00000000e1280000)
  to   space 2560K, 0% used [0x00000000e2280000,0x00000000e2280000,0x00000000e2500000)
 ParOldGen       total 44032K, used 1722K [0x00000000a0000000, 0x00000000a2b00000, 0x00000000e0000000)
  object space 44032K, 3% used [0x00000000a0000000,0x00000000a01aeb50,0x00000000a2b00000)
 Metaspace       used 10858K, capacity 11016K, committed 11264K, reserved 1058816K
  class space    used 1422K, capacity 1518K, committed 1536K, reserved 1048576K
Event: 4.655 GC heap after
Heap after GC invocations=4 (full 0):
 PSYoungGen      total 35328K, used 2552K [0x00000000e0000000, 0x00000000e2500000, 0x0000000100000000)
  eden space 32768K, 0% used [0x00000000e0000000,0x00000000e0000000,0x00000000e2000000)
  from space 2560K, 99% used [0x00000000e2280000,0x00000000e24fe030,0x00000000e2500000)
  to   space 2560K, 0% used [0x00000000e2000000,0x00000000e2000000,0x00000000e2280000)
 ParOldGen       total 44032K, used 4054K [0x00000000a0000000, 0x00000000a2b00000, 0x00000000e0000000)
  object space 44032K, 9% used [0x00000000a0000000,0x00000000a03f5820,0x00000000a2b00000)
 Metaspace       used 10858K, capacity 11016K, committed 11264K, reserved 1058816K
  class space    used 1422K, capacity 1518K, committed 1536K, reserved 1048576K
}

Deoptimization events (10 events):
Event: 3.155 Thread 0x00000000010fe000 Uncommon trap: reason=bimorphic action=maybe_recompile pc=0x0000000003070224 method=java.util.HashMap.putVal(ILjava/lang/Object;Ljava/lang/Object;ZZ)Ljava/lang/Object; @ 91
Event: 3.156 Thread 0x00000000010fe000 Uncommon trap: reason=bimorphic action=maybe_recompile pc=0x0000000003070224 method=java.util.HashMap.putVal(ILjava/lang/Object;Ljava/lang/Object;ZZ)Ljava/lang/Object; @ 91
Event: 3.173 Thread 0x00000000010fe000 Uncommon trap: reason=bimorphic action=maybe_recompile pc=0x000000000306b8d4 method=java.util.HashMap.putVal(ILjava/lang/Object;Ljava/lang/Object;ZZ)Ljava/lang/Object; @ 91
Event: 3.433 Thread 0x00000000010fe000 Uncommon trap: reason=bimorphic action=maybe_recompile pc=0x00000000031333c8 method=java.util.HashMap.putVal(ILjava/lang/Object;Ljava/lang/Object;ZZ)Ljava/lang/Object; @ 203
Event: 3.717 Thread 0x00000000010fe000 Uncommon trap: reason=unstable_if action=reinterpret pc=0x00000000030a9c10 method=java.io.WinNTFileSystem.normalize(Ljava/lang/String;)Ljava/lang/String; @ 128
Event: 3.717 Thread 0x00000000010fe000 Uncommon trap: reason=unstable_if action=reinterpret pc=0x00000000031240f0 method=java.io.WinNTFileSystem.normalize(Ljava/lang/String;II)Ljava/lang/String; @ 90
Event: 4.766 Thread 0x0000000019803800 Uncommon trap: reason=unstable_if action=reinterpret pc=0x00000000031ddfb0 method=java.util.concurrent.ConcurrentHashMap.putVal(Ljava/lang/Object;Ljava/lang/Object;Z)Ljava/lang/Object; @ 206
Event: 4.929 Thread 0x0000000019898000 Uncommon trap: reason=bimorphic action=maybe_recompile pc=0x0000000003132e58 method=java.util.HashMap.putVal(ILjava/lang/Object;Ljava/lang/Object;ZZ)Ljava/lang/Object; @ 253
Event: 4.929 Thread 0x0000000019898000 Uncommon trap: reason=bimorphic action=maybe_recompile pc=0x0000000003132e58 method=java.util.HashMap.putVal(ILjava/lang/Object;Ljava/lang/Object;ZZ)Ljava/lang/Object; @ 253
Event: 4.929 Thread 0x0000000019898000 Uncommon trap: reason=bimorphic action=maybe_recompile pc=0x0000000003229e50 method=java.util.HashMap.putVal(ILjava/lang/Object;Ljava/lang/Object;ZZ)Ljava/lang/Object; @ 253

Classes redefined (0 events):
No events

Internal exceptions (10 events):
Event: 4.800 Thread 0x0000000019803800 Exception <a 'java/lang/NoSuchMethodError': <clinit>> (0x00000000e03b0690) thrown at [D:\src\AOSP-openjdk-cygwin\jdk8u\hotspot\src\share\vm\prims\jni.cpp, line 1613]
Event: 4.803 Thread 0x0000000019803800 Exception <a 'java/lang/NoSuchMethodError': <clinit>> (0x00000000e03c1cf8) thrown at [D:\src\AOSP-openjdk-cygwin\jdk8u\hotspot\src\share\vm\prims\jni.cpp, line 1613]
Event: 4.834 Thread 0x0000000019803800 Exception <a 'java/lang/NoSuchMethodError': <clinit>> (0x00000000e0435b78) thrown at [D:\src\AOSP-openjdk-cygwin\jdk8u\hotspot\src\share\vm\prims\jni.cpp, line 1613]
Event: 4.841 Thread 0x0000000019803800 Exception <a 'java/lang/NoSuchMethodError': <clinit>> (0x00000000e045adc0) thrown at [D:\src\AOSP-openjdk-cygwin\jdk8u\hotspot\src\share\vm\prims\jni.cpp, line 1613]
Event: 4.848 Thread 0x0000000019803800 Exception <a 'java/lang/NoSuchMethodError': <clinit>> (0x00000000e0486ee8) thrown at [D:\src\AOSP-openjdk-cygwin\jdk8u\hotspot\src\share\vm\prims\jni.cpp, line 1613]
Event: 4.851 Thread 0x0000000019803800 Exception <a 'java/lang/NoSuchMethodError': <clinit>> (0x00000000e0492288) thrown at [D:\src\AOSP-openjdk-cygwin\jdk8u\hotspot\src\share\vm\prims\jni.cpp, line 1613]
Event: 4.855 Thread 0x0000000019803800 Exception <a 'java/lang/NoSuchMethodError': <clinit>> (0x00000000e049db18) thrown at [D:\src\AOSP-openjdk-cygwin\jdk8u\hotspot\src\share\vm\prims\jni.cpp, line 1613]
Event: 4.861 Thread 0x0000000019803800 Exception <a 'java/lang/NoSuchMethodError': <clinit>> (0x00000000e04c0da8) thrown at [D:\src\AOSP-openjdk-cygwin\jdk8u\hotspot\src\share\vm\prims\jni.cpp, line 1613]
Event: 4.909 Thread 0x0000000019898000 Exception <a 'java/lang/NoSuchMethodError': <clinit>> (0x00000000e05ce610) thrown at [D:\src\AOSP-openjdk-cygwin\jdk8u\hotspot\src\share\vm\prims\jni.cpp, line 1613]
Event: 4.910 Thread 0x0000000019898000 Exception <a 'java/lang/NoSuchMethodError': <clinit>> (0x00000000e05d6898) thrown at [D:\src\AOSP-openjdk-cygwin\jdk8u\hotspot\src\share\vm\prims\jni.cpp, line 1613]

Events (10 events):
Event: 5.092 Executing VM operation: RevokeBias
Event: 5.092 Executing VM operation: RevokeBias done
Event: 5.093 Executing VM operation: RevokeBias
Event: 5.093 Executing VM operation: RevokeBias done
Event: 5.093 Executing VM operation: RevokeBias
Event: 5.093 Executing VM operation: RevokeBias done
Event: 5.093 Executing VM operation: RevokeBias
Event: 5.093 Executing VM operation: RevokeBias done
Event: 5.094 Executing VM operation: RevokeBias
Event: 5.094 Executing VM operation: RevokeBias done


Dynamic libraries:
0x00007ff7dc4a0000 - 0x00007ff7dc4d1000 	C:\Program Files\Android\Android Studio\jre\bin\java.exe
0x00007fff2f0e0000 - 0x00007fff2f2c1000 	C:\WINDOWS\SYSTEM32\ntdll.dll
0x00007fff2eff0000 - 0x00007fff2f0a2000 	C:\WINDOWS\System32\KERNEL32.DLL
0x00007fff2b4d0000 - 0x00007fff2b743000 	C:\WINDOWS\System32\KERNELBASE.dll
0x00007fff2e9d0000 - 0x00007fff2ea71000 	C:\WINDOWS\System32\ADVAPI32.dll
0x00007fff2e850000 - 0x00007fff2e8ee000 	C:\WINDOWS\System32\msvcrt.dll
0x00007fff2ede0000 - 0x00007fff2ee3b000 	C:\WINDOWS\System32\sechost.dll
0x00007fff2c980000 - 0x00007fff2caa4000 	C:\WINDOWS\System32\RPCRT4.dll
0x00007fff2c570000 - 0x00007fff2c700000 	C:\WINDOWS\System32\USER32.dll
0x00007fff2b4b0000 - 0x00007fff2b4d0000 	C:\WINDOWS\System32\win32u.dll
0x00007fff2efc0000 - 0x00007fff2efe8000 	C:\WINDOWS\System32\GDI32.dll
0x00007fff2b750000 - 0x00007fff2b8e2000 	C:\WINDOWS\System32\gdi32full.dll
0x00007fff2c130000 - 0x00007fff2c1cf000 	C:\WINDOWS\System32\msvcp_win.dll
0x00007fff2c280000 - 0x00007fff2c37a000 	C:\WINDOWS\System32\ucrtbase.dll
0x00007fff1b3f0000 - 0x00007fff1b659000 	C:\WINDOWS\WinSxS\amd64_microsoft.windows.common-controls_6595b64144ccf1df_6.0.17134.472_none_fb3f9af53068156d\COMCTL32.dll
0x00007fff2cf80000 - 0x00007fff2d2a2000 	C:\WINDOWS\System32\combase.dll
0x00007fff2b8f0000 - 0x00007fff2b96a000 	C:\WINDOWS\System32\bcryptPrimitives.dll
0x00007fff2ec30000 - 0x00007fff2ec5d000 	C:\WINDOWS\System32\IMM32.DLL
0x0000000066600000 - 0x00000000666d2000 	C:\Program Files\Android\Android Studio\jre\jre\bin\msvcr100.dll
0x0000000066810000 - 0x0000000067051000 	C:\Program Files\Android\Android Studio\jre\jre\bin\server\jvm.dll
0x00007fff2c700000 - 0x00007fff2c708000 	C:\WINDOWS\System32\PSAPI.DLL
0x00007fff2a040000 - 0x00007fff2a049000 	C:\WINDOWS\SYSTEM32\WSOCK32.dll
0x00007fff28b60000 - 0x00007fff28b83000 	C:\WINDOWS\SYSTEM32\WINMM.dll
0x00007fff2e900000 - 0x00007fff2e96c000 	C:\WINDOWS\System32\WS2_32.dll
0x00007fff1d810000 - 0x00007fff1d81a000 	C:\WINDOWS\SYSTEM32\VERSION.dll
0x00007fff28b30000 - 0x00007fff28b5a000 	C:\WINDOWS\SYSTEM32\WINMMBASE.dll
0x00007fff2c230000 - 0x00007fff2c279000 	C:\WINDOWS\System32\cfgmgr32.dll
0x00007fff184b0000 - 0x00007fff184bf000 	C:\Program Files\Android\Android Studio\jre\jre\bin\verify.dll
0x00007ffeecbc0000 - 0x00007ffeecbe9000 	C:\Program Files\Android\Android Studio\jre\jre\bin\java.dll
0x00007fff14200000 - 0x00007fff14216000 	C:\Program Files\Android\Android Studio\jre\jre\bin\zip.dll
0x00007fff2d410000 - 0x00007fff2e850000 	C:\WINDOWS\System32\SHELL32.dll
0x00007fff2ee40000 - 0x00007fff2eee9000 	C:\WINDOWS\System32\shcore.dll
0x00007fff2ba20000 - 0x00007fff2c12d000 	C:\WINDOWS\System32\windows.storage.dll
0x00007fff2c7b0000 - 0x00007fff2c801000 	C:\WINDOWS\System32\shlwapi.dll
0x00007fff2b430000 - 0x00007fff2b441000 	C:\WINDOWS\System32\kernel.appcore.dll
0x00007fff2b3f0000 - 0x00007fff2b40f000 	C:\WINDOWS\System32\profapi.dll
0x00007fff2b450000 - 0x00007fff2b49c000 	C:\WINDOWS\System32\powrprof.dll
0x00007fff2b4a0000 - 0x00007fff2b4aa000 	C:\WINDOWS\System32\FLTLIB.DLL
0x00007fff0ae20000 - 0x00007fff0ae3a000 	C:\Program Files\Android\Android Studio\jre\jre\bin\net.dll
0x00007fff2ac70000 - 0x00007fff2acd6000 	C:\WINDOWS\system32\mswsock.dll
0x00007fff0aac0000 - 0x00007fff0aad1000 	C:\Program Files\Android\Android Studio\jre\jre\bin\nio.dll
0x00007fff26fa0000 - 0x00007fff26fbe000 	C:\Users\Jian\.gradle\native\25\windows-amd64\native-platform.dll
0x00007fff156f0000 - 0x00007fff156fd000 	C:\Program Files\Android\Android Studio\jre\jre\bin\management.dll
0x00007fff2ae20000 - 0x00007fff2ae37000 	C:\WINDOWS\SYSTEM32\CRYPTSP.dll
0x00007fff2a850000 - 0x00007fff2a883000 	C:\WINDOWS\system32\rsaenh.dll
0x00007fff2af50000 - 0x00007fff2af75000 	C:\WINDOWS\SYSTEM32\bcrypt.dll
0x00007fff2b320000 - 0x00007fff2b348000 	C:\WINDOWS\SYSTEM32\USERENV.dll
0x00007fff2ae40000 - 0x00007fff2ae4b000 	C:\WINDOWS\SYSTEM32\CRYPTBASE.dll
0x00007fff2a9f0000 - 0x00007fff2aa28000 	C:\WINDOWS\SYSTEM32\IPHLPAPI.DLL
0x00007fff2e8f0000 - 0x00007fff2e8f8000 	C:\WINDOWS\System32\NSI.dll
0x00007fff21b90000 - 0x00007fff21ba6000 	C:\WINDOWS\SYSTEM32\dhcpcsvc6.DLL
0x00007fff22580000 - 0x00007fff2259a000 	C:\WINDOWS\SYSTEM32\dhcpcsvc.DLL

VM Arguments:
jvm_args: -Xmx1536m -Dfile.encoding=GBK -Duser.country=MY -Duser.language=en -Duser.variant 
java_command: org.gradle.launcher.daemon.bootstrap.GradleDaemon 4.6
java_class_path (initial): C:\Users\Jian\.gradle\wrapper\dists\gradle-4.6-all\bcst21l2brirad8k2ben1letg\gradle-4.6\lib\gradle-launcher-4.6.jar
Launcher Type: SUN_STANDARD

Environment Variables:
PATH=C:\ProgramData\Oracle\Java\javapath;C:\Program Files (x86)\Intel\iCLS Client\;C:\Program Files\Intel\iCLS Client\;C:\WINDOWS\system32;C:\WINDOWS;C:\WINDOWS\System32\Wbem;C:\WINDOWS\System32\WindowsPowerShell\v1.0\;C:\Program Files\Intel\Intel(R) Management Engine Components\DAL;C:\Program Files (x86)\Intel\Intel(R) Management Engine Components\DAL;C:\Program Files\Intel\Intel(R) Management Engine Components\IPT;C:\Program Files (x86)\Intel\Intel(R) Management Engine Components\IPT;C:\Program Files\Intel\WiFi\bin\;C:\Program Files\Common Files\Intel\WirelessCommon\;C:\Program Files\Microsoft SQL Server\130\Tools\Binn\;C:\WINDOWS\system32\config\systemprofile\.dnx\bin;C:\Program Files\Microsoft DNX\Dnvm\;C:\Program Files\Microsoft SQL Server\110\Tools\Binn\;C:\WINDOWS\System32\OpenSSH\;C:\Program Files\dotnet\;C:\Program Files\IBM\SPSS\Statistics\Subscription\JRE\bin;C:\Users\Jian\AppData\Local\Microsoft\WindowsApps;
USERNAME=Jian
OS=Windows_NT
PROCESSOR_IDENTIFIER=Intel64 Family 6 Model 61 Stepping 4, GenuineIntel



---------------  S Y S T E M  ---------------

OS: Windows 10.0 , 64 bit Build 17134 (10.0.17134.1)

CPU:total 4 (initial active 4) (2 cores per cpu, 2 threads per core) family 6 model 61 stepping 4, cmov, cx8, fxsr, mmx, sse, sse2, sse3, ssse3, sse4.1, sse4.2, popcnt, avx, avx2, aes, clmul, erms, 3dnowpref, lzcnt, ht, tsc, tscinvbit, bmi1, bmi2, adx

Memory: 4k page, physical 4094636k(924048k free), swap 5523116k(504k free)

vm_info: OpenJDK 64-Bit Server VM (25.152-b06) for windows-amd64 JRE (1.8.0_152-release-1136-b06), built by "builder" with MS VC++ 10.0 (VS2010)

time: Wed Jan 02 13:11:58 2019
elapsed time: 5 seconds (0d 0h 0m 5s)

